<?xml version="1.0" encoding="UTF-8"?>
<testng-results skipped="0" failed="1" total="1" passed="0">
  <reporter-output>
  </reporter-output>
  <suite name="Default suite" duration-ms="83751" started-at="2015-09-26T09:09:50Z" finished-at="2015-09-26T09:11:14Z">
    <groups>
    </groups>
    <test name="Default test" duration-ms="83751" started-at="2015-09-26T09:09:50Z" finished-at="2015-09-26T09:11:14Z">
      <class name="com.olx.techathon.testsuite.ExecutionSuite">
        <test-method status="PASS" signature="StartDriver()[pri:0, instance:com.olx.techathon.testsuite.ExecutionSuite@7e0babb1]" name="StartDriver" is-config="true" duration-ms="20703" started-at="2015-09-26T14:39:50Z" finished-at="2015-09-26T14:40:11Z">
          <reporter-output>
          </reporter-output>
        </test-method> <!-- StartDriver -->
        <test-method status="FAIL" signature="TestSuite_Validate_Posting()[pri:0, instance:com.olx.techathon.testsuite.ExecutionSuite@7e0babb1]" name="TestSuite_Validate_Posting" duration-ms="61735" started-at="2015-09-26T14:40:11Z" finished-at="2015-09-26T14:41:12Z">
          <exception class="org.openqa.selenium.NoSuchElementException">
            <message>
              <![CDATA[An element could not be located on the page using the given search parameters. (WARNING: The server did not provide any stacktrace information)
Command duration or timeout: 30.19 seconds
For documentation on this error, please visit: http://seleniumhq.org/exceptions/no_such_element.html
Build info: version: '2.44.0', revision: '76d78cf', time: '2014-10-23 20:02:37'
System info: host: 'ND0308002035289', ip: '192.168.0.203', os.name: 'Windows 8.1', os.arch: 'amd64', os.version: '6.3', java.version: '1.8.0_45'
Driver info: io.appium.java_client.android.AndroidDriver
Capabilities [{app=C:\workspace_android\OlxTechathon\.\apk\olx.apk, appPackage=com.olx.southasia.hackathon, networkConnectionEnabled=true, warnings={}, databaseEnabled=false, deviceName=4d007c0d9fe9303f, platform=LINUX, desired={app=C:\workspace_android\OlxTechathon\.\apk\olx.apk, appPackage=com.olx.southasia.hackathon, platformVersion=4.3, browserName=, platformName=Android, deviceName=Android}, platformVersion=5.0.1, webStorageEnabled=false, locationContextEnabled=false, browserName=, takesScreenshot=true, javascriptEnabled=true, platformName=Android}]
Session ID: 3478ca76-8265-4d63-877a-05a13a3bba8f]]>
            </message>
            <full-stacktrace>
              <![CDATA[org.openqa.selenium.NoSuchElementException: An element could not be located on the page using the given search parameters. (WARNING: The server did not provide any stacktrace information)
Command duration or timeout: 30.19 seconds
For documentation on this error, please visit: http://seleniumhq.org/exceptions/no_such_element.html
Build info: version: '2.44.0', revision: '76d78cf', time: '2014-10-23 20:02:37'
System info: host: 'ND0308002035289', ip: '192.168.0.203', os.name: 'Windows 8.1', os.arch: 'amd64', os.version: '6.3', java.version: '1.8.0_45'
Driver info: io.appium.java_client.android.AndroidDriver
Capabilities [{app=C:\workspace_android\OlxTechathon\.\apk\olx.apk, appPackage=com.olx.southasia.hackathon, networkConnectionEnabled=true, warnings={}, databaseEnabled=false, deviceName=4d007c0d9fe9303f, platform=LINUX, desired={app=C:\workspace_android\OlxTechathon\.\apk\olx.apk, appPackage=com.olx.southasia.hackathon, platformVersion=4.3, browserName=, platformName=Android, deviceName=Android}, platformVersion=5.0.1, webStorageEnabled=false, locationContextEnabled=false, browserName=, takesScreenshot=true, javascriptEnabled=true, platformName=Android}]
Session ID: 3478ca76-8265-4d63-877a-05a13a3bba8f
	at sun.reflect.NativeConstructorAccessorImpl.newInstance0(Native Method)
	at sun.reflect.NativeConstructorAccessorImpl.newInstance(NativeConstructorAccessorImpl.java:62)
	at sun.reflect.DelegatingConstructorAccessorImpl.newInstance(DelegatingConstructorAccessorImpl.java:45)
	at java.lang.reflect.Constructor.newInstance(Constructor.java:422)
	at org.openqa.selenium.remote.ErrorHandler.createThrowable(ErrorHandler.java:204)
	at org.openqa.selenium.remote.ErrorHandler.throwIfResponseFailed(ErrorHandler.java:156)
	at org.openqa.selenium.remote.RemoteWebDriver.execute(RemoteWebDriver.java:599)
	at io.appium.java_client.AppiumDriver.execute(AppiumDriver.java:180)
	at org.openqa.selenium.remote.RemoteWebDriver.findElement(RemoteWebDriver.java:352)
	at org.openqa.selenium.remote.RemoteWebDriver.findElementById(RemoteWebDriver.java:393)
	at org.openqa.selenium.By$ById.findElement(By.java:214)
	at org.openqa.selenium.remote.RemoteWebDriver.findElement(RemoteWebDriver.java:344)
	at com.olx.techathon.pom.SubmitaFreeAdPage.Fill_Name_Txt(SubmitaFreeAdPage.java:77)
	at com.olx.techathon.pom.SubmitaFreeAdPage.FillForm_SubmitaFreeAd(SubmitaFreeAdPage.java:84)
	at com.olx.techathon.testsuite.ExecutionSuite.TestSuite_Validate_Posting(ExecutionSuite.java:36)
	at sun.reflect.NativeMethodAccessorImpl.invoke0(Native Method)
	at sun.reflect.NativeMethodAccessorImpl.invoke(NativeMethodAccessorImpl.java:62)
	at sun.reflect.DelegatingMethodAccessorImpl.invoke(DelegatingMethodAccessorImpl.java:43)
	at java.lang.reflect.Method.invoke(Method.java:497)
	at org.testng.internal.MethodInvocationHelper.invokeMethod(MethodInvocationHelper.java:84)
	at org.testng.internal.Invoker.invokeMethod(Invoker.java:714)
	at org.testng.internal.Invoker.invokeTestMethod(Invoker.java:901)
	at org.testng.internal.Invoker.invokeTestMethods(Invoker.java:1231)
	at org.testng.internal.TestMethodWorker.invokeTestMethods(TestMethodWorker.java:127)
	at org.testng.internal.TestMethodWorker.run(TestMethodWorker.java:111)
	at org.testng.TestRunner.privateRun(TestRunner.java:767)
	at org.testng.TestRunner.run(TestRunner.java:617)
	at org.testng.SuiteRunner.runTest(SuiteRunner.java:334)
	at org.testng.SuiteRunner.runSequentially(SuiteRunner.java:329)
	at org.testng.SuiteRunner.privateRun(SuiteRunner.java:291)
	at org.testng.SuiteRunner.run(SuiteRunner.java:240)
	at org.testng.SuiteRunnerWorker.runSuite(SuiteRunnerWorker.java:52)
	at org.testng.SuiteRunnerWorker.run(SuiteRunnerWorker.java:86)
	at org.testng.TestNG.runSuitesSequentially(TestNG.java:1224)
	at org.testng.TestNG.runSuitesLocally(TestNG.java:1149)
	at org.testng.TestNG.run(TestNG.java:1057)
	at org.testng.remote.RemoteTestNG.run(RemoteTestNG.java:111)
	at org.testng.remote.RemoteTestNG.initAndRun(RemoteTestNG.java:204)
	at org.testng.remote.RemoteTestNG.main(RemoteTestNG.java:175)
]]>
            </full-stacktrace>
          </exception> <!-- org.openqa.selenium.NoSuchElementException -->
          <reporter-output>
          </reporter-output>
        </test-method> <!-- TestSuite_Validate_Posting -->
        <test-method status="PASS" signature="stopDriver()[pri:0, instance:com.olx.techathon.testsuite.ExecutionSuite@7e0babb1]" name="stopDriver" is-config="true" duration-ms="1285" started-at="2015-09-26T14:41:12Z" finished-at="2015-09-26T14:41:14Z">
          <reporter-output>
          </reporter-output>
        </test-method> <!-- stopDriver -->
      </class> <!-- com.olx.techathon.testsuite.ExecutionSuite -->
    </test> <!-- Default test -->
  </suite> <!-- Default suite -->
</testng-results>
